[23:15:40] [main/INFO]: Loading Minecraft 1.20.1 with Fabric Loader 0.16.5
[23:15:44] [main/INFO]: Loading 137 mods:
	- architectury 9.2.14
	- bclib 3.0.14
	   \-- wunderlib 1.1.5
	- beautify 1.2.0+1.20.1
	- cloth-config 11.1.136
	   \-- cloth-basic-math 0.6.1
	- create 0.5.1-f-build.1417+mc1.20.1
	   |-- com_google_code_findbugs_jsr305 3.0.2
	   |-- flywheel 0.6.10-2
	   |-- milk 1.2.60
	   |    \-- dripstone_fluid_lib 3.0.2
	   |-- porting_lib_accessors 2.3.2+1.20.1
	   |-- porting_lib_base 2.3.2+1.20.1
	   |    |-- porting_lib_attributes 2.3.2+1.20.1
	   |    |-- porting_lib_common 2.3.2+1.20.1
	   |    |-- porting_lib_config 2.3.2+1.20.1
	   |    |-- porting_lib_fluids 2.3.2+1.20.1
	   |    |-- porting_lib_lazy_registration 2.3.2+1.20.1
	   |    \-- reach-entity-attributes 2.4.0
	   |-- porting_lib_brewing 2.3.2+1.20.1
	   |-- porting_lib_client_events 2.3.2+1.20.1
	   |-- porting_lib_extensions 2.3.2+1.20.1
	   |    |-- porting_lib_attributes 2.3.2+1.20.1
	   |    |-- porting_lib_common 2.3.2+1.20.1
	   |    \-- reach-entity-attributes 2.4.0
	   |-- porting_lib_models 2.3.2+1.20.1
	   |    |-- porting_lib_fluids 2.3.2+1.20.1
	   |    \-- porting_lib_model_loader 2.3.2+1.20.1
	   |-- porting_lib_networking 2.3.2+1.20.1
	   |-- porting_lib_obj_loader 2.3.2+1.20.1
	   |    \-- porting_lib_model_loader 2.3.2+1.20.1
	   |-- porting_lib_tags 3.0
	   |-- porting_lib_tool_actions 2.3.2+1.20.1
	   |-- porting_lib_transfer 2.3.2+1.20.1
	   |    \-- porting_lib_fluids 2.3.2+1.20.1
	   |-- reach-entity-attributes 2.4.0
	   \-- registrate-fabric 1.3.62-MC1.20.1
	        |-- porting_lib_data 2.1.1090+1.20
	        \-- porting_lib_model_generators 2.1.1090+1.20
	             \-- porting_lib_model_materials 2.1.1090+1.20
	- createbigcannons 5.5.1+mc.1.20.1-fabric
	   \-- ritchiesprojectilelib 2.0.0-dev+mc.1.20.1-fabric-build.182
	        \-- porting_lib_utility 2.1.1127+1.20
	             \-- porting_lib_gametest 2.1.1127+1.20
	- doapi 1.2.15
	   |-- blue_endless_jankson 1.2.1
	   \-- terraform-wood-api-v1 7.0.1
	- easyauth 3.0.19
	   |-- at_favre_lib_bcrypt 0.9.0
	   |-- at_favre_lib_bytes 1.5.0
	   |-- com_mysql_mysql-connector-j 8.0.33
	   |-- de_mkammerer_argon2-jvm 2.11
	   |-- de_mkammerer_argon2-jvm-nolibs 2.11
	   |-- fabric-permissions-api-v0 0.2-SNAPSHOT
	   |-- net_java_dev_jna_jna 5.12.1
	   |-- org_iq80_leveldb_leveldb 0.12
	   |-- org_iq80_leveldb_leveldb-api 0.12
	   |-- org_mongodb_bson 4.7.2
	   |-- org_mongodb_mongodb-driver-core 4.7.2
	   |-- org_mongodb_mongodb-driver-sync 4.7.2
	   |-- placeholder-api 2.1.1+1.20
	   \-- server_translations_api 2.0.0+1.20
	        \-- packet_tweaker 0.4.0+1.19.4
	- edenring 20.1.20
	- fabric-api 0.92.2+1.20.1
	   |-- fabric-api-base 0.4.31+1802ada577
	   |-- fabric-api-lookup-api-v1 1.6.36+1802ada577
	   |-- fabric-biome-api-v1 13.0.13+1802ada577
	   |-- fabric-block-api-v1 1.0.11+1802ada577
	   |-- fabric-block-view-api-v2 1.0.1+1802ada577
	   |-- fabric-blockrenderlayer-v1 1.1.41+1802ada577
	   |-- fabric-client-tags-api-v1 1.1.2+1802ada577
	   |-- fabric-command-api-v1 1.2.34+f71b366f77
	   |-- fabric-command-api-v2 2.2.13+1802ada577
	   |-- fabric-commands-v0 0.2.51+df3654b377
	   |-- fabric-containers-v0 0.1.64+df3654b377
	   |-- fabric-content-registries-v0 4.0.11+1802ada577
	   |-- fabric-convention-tags-v1 1.5.5+1802ada577
	   |-- fabric-crash-report-info-v1 0.2.19+1802ada577
	   |-- fabric-data-attachment-api-v1 1.0.0+de0fd6d177
	   |-- fabric-data-generation-api-v1 12.3.4+1802ada577
	   |-- fabric-dimensions-v1 2.1.54+1802ada577
	   |-- fabric-entity-events-v1 1.6.0+1c78457f77
	   |-- fabric-events-interaction-v0 0.6.2+1802ada577
	   |-- fabric-events-lifecycle-v0 0.2.63+df3654b377
	   |-- fabric-game-rule-api-v1 1.0.40+1802ada577
	   |-- fabric-item-api-v1 2.1.28+1802ada577
	   |-- fabric-item-group-api-v1 4.0.12+1802ada577
	   |-- fabric-key-binding-api-v1 1.0.37+1802ada577
	   |-- fabric-keybindings-v0 0.2.35+df3654b377
	   |-- fabric-lifecycle-events-v1 2.2.22+1802ada577
	   |-- fabric-loot-api-v2 1.2.1+1802ada577
	   |-- fabric-loot-tables-v1 1.1.45+9e7660c677
	   |-- fabric-message-api-v1 5.1.9+1802ada577
	   |-- fabric-mining-level-api-v1 2.1.50+1802ada577
	   |-- fabric-model-loading-api-v1 1.0.3+1802ada577
	   |-- fabric-models-v0 0.4.2+9386d8a777
	   |-- fabric-networking-api-v1 1.3.11+1802ada577
	   |-- fabric-networking-v0 0.3.51+df3654b377
	   |-- fabric-object-builder-api-v1 11.1.3+1802ada577
	   |-- fabric-particles-v1 1.1.2+1802ada577
	   |-- fabric-recipe-api-v1 1.0.21+1802ada577
	   |-- fabric-registry-sync-v0 2.3.3+1802ada577
	   |-- fabric-renderer-api-v1 3.2.1+1802ada577
	   |-- fabric-renderer-indigo 1.5.2+85287f9f77
	   |-- fabric-renderer-registries-v1 3.2.46+df3654b377
	   |-- fabric-rendering-data-attachment-v1 0.3.37+92a0d36777
	   |-- fabric-rendering-fluids-v1 3.0.28+1802ada577
	   |-- fabric-rendering-v0 1.1.49+df3654b377
	   |-- fabric-rendering-v1 3.0.8+1802ada577
	   |-- fabric-resource-conditions-api-v1 2.3.8+1802ada577
	   |-- fabric-resource-loader-v0 0.11.10+1802ada577
	   |-- fabric-screen-api-v1 2.0.8+1802ada577
	   |-- fabric-screen-handler-api-v1 1.3.30+1802ada577
	   |-- fabric-sound-api-v1 1.0.13+1802ada577
	   |-- fabric-transfer-api-v1 3.3.5+8dd72ea377
	   \-- fabric-transitive-access-wideners-v1 4.3.1+1802ada577
	- fabricloader 0.16.5
	   \-- mixinextras 0.4.1
	- farmersdelight 1.20.1-1.4.3
	- forgeconfigapiport 8.0.0
	- framework 0.7.8
	   |-- org_javassist_javassist 3.29.2-GA
	   \-- org_reflections_reflections 0.10.2
	- ftblibrary 2001.2.4
	- ftbultimine 2001.1.5
	- homeward-bound 1.0
	   \-- fabric-permissions-api-v0 0.2-SNAPSHOT
	- java 21
	- jei 15.19.5.99
	- meadow 1.3.19
	   \-- mixinsquared 0.1.2-beta.5
	- minecraft 1.20.1
	- moonlight 1.20-2.13.0
	- mr_svm_jojo 4
	- refurbished_furniture 1.0.6
	- regions_unexplored 0.5.6+1.20.1
	- supplementaries 1.20-2.8.17
	- tacz-fabric 1.0.2
	   |-- cardinal-components-base 5.2.2
	   |-- cardinal-components-entity 5.2.2
	   |-- com_github_286799714_luaj_luaj-core 3.0.3
	   |-- com_github_286799714_luaj_luaj-jse 3.0.3
	   |-- mkb 1.2.0
	   |-- org_apache_commons_commons-math3 3.6.1
	   |-- porting_lib_core 2.3.4+1.20.1
	   \-- porting_lib_entity 2.3.4+1.20.1
	        \-- porting_lib_mixin_extensions 2.3.4+1.20.1
	- terrablender 3.0.1.7
	   |-- com_electronwill_night-config_core 3.6.7
	   \-- com_electronwill_night-config_toml 3.6.7
	- yet_another_config_lib_v3 3.5.0+1.20.1-fabric
	   |-- com_twelvemonkeys_common_common-image 3.10.0
	   |-- com_twelvemonkeys_common_common-io 3.10.0
	   |-- com_twelvemonkeys_common_common-lang 3.10.0
	   |-- com_twelvemonkeys_imageio_imageio-core 3.10.0
	   |-- com_twelvemonkeys_imageio_imageio-metadata 3.10.0
	   |-- com_twelvemonkeys_imageio_imageio-webp 3.10.0
	   |-- org_quiltmc_parsers_gson 0.2.1
	   \-- org_quiltmc_parsers_json 0.2.1
[23:15:44] [main/INFO]: SpongePowered MIXIN Subsystem Version=0.8.7 Source=file:/workspaces/Ourcraft/server/libraries/net/fabricmc/sponge-mixin/0.15.3+mixin.0.8.7/sponge-mixin-0.15.3+mixin.0.8.7.jar Service=Knot/Fabric Env=SERVER
